# JRE version: OpenJDK Runtime Environment (7.0_85-b01) (build 1.7.0_85-b01)
# Java VM: OpenJDK 64-Bit Server VM (24.85-b03 mixed mode linux-amd64 compressed oops)
Heap
 PSYoungGen      total 86016K, used 68471K [0x00000000ebf00000, 0x00000000ffe80000, 0x0000000100000000)
  eden space 85504K, 80% used [0x00000000ebf00000,0x00000000f01cdd10,0x00000000f1280000)
  from space 512K, 12% used [0x00000000ffd80000,0x00000000ffd90000,0x00000000ffe00000)
  to   space 512K, 0% used [0x00000000ffe00000,0x00000000ffe00000,0x00000000ffe80000)
 ParOldGen       total 40960K, used 6094K [0x00000000c3e00000, 0x00000000c6600000, 0x00000000ebf00000)
  object space 40960K, 14% used [0x00000000c3e00000,0x00000000c43f3a88,0x00000000c6600000)
 PSPermGen       total 22016K, used 10994K [0x00000000b9800000, 0x00000000bad80000, 0x00000000c3e00000)
  object space 22016K, 49% used [0x00000000b9800000,0x00000000ba2bca70,0x00000000bad80000)
GC Heap History (10 events):
Event: 78738.210 GC heap before
{Heap before GC invocations=266 (full 1):
 PSYoungGen      total 105472K, used 104992K [0x00000000ebf00000, 0x00000000ffe80000, 0x0000000100000000)
  eden space 104960K, 100% used [0x00000000ebf00000,0x00000000f2580000,0x00000000f2580000)
  from space 512K, 6% used [0x00000000ffe00000,0x00000000ffe08000,0x00000000ffe80000)
  to   space 512K, 0% used [0x00000000ffd80000,0x00000000ffd80000,0x00000000ffe00000)
 ParOldGen       total 40960K, used 6094K [0x00000000c3e00000, 0x00000000c6600000, 0x00000000ebf00000)
  object space 40960K, 14% used [0x00000000c3e00000,0x00000000c43f3a88,0x00000000c6600000)
 PSPermGen       total 22016K, used 10978K [0x00000000b9800000, 0x00000000bad80000, 0x00000000c3e00000)
  object space 22016K, 49% used [0x00000000b9800000,0x00000000ba2b8b58,0x00000000bad80000)
Event: 78738.211 GC heap after
Heap after GC invocations=266 (full 1):
 PSYoungGen      total 101376K, used 64K [0x00000000ebf00000, 0x00000000ffe80000, 0x0000000100000000)
  eden space 100864K, 0% used [0x00000000ebf00000,0x00000000ebf00000,0x00000000f2180000)
  from space 512K, 12% used [0x00000000ffd80000,0x00000000ffd90000,0x00000000ffe00000)
  to   space 512K, 0% used [0x00000000ffe00000,0x00000000ffe00000,0x00000000ffe80000)
 ParOldGen       total 40960K, used 6094K [0x00000000c3e00000, 0x00000000c6600000, 0x00000000ebf00000)
  object space 40960K, 14% used [0x00000000c3e00000,0x00000000c43f3a88,0x00000000c6600000)
 PSPermGen       total 22016K, used 10978K [0x00000000b9800000, 0x00000000bad80000, 0x00000000c3e00000)
  object space 22016K, 49% used [0x00000000b9800000,0x00000000ba2b8b58,0x00000000bad80000)
}
Event: 81468.635 GC heap before
{Heap before GC invocations=267 (full 1):
 PSYoungGen      total 101376K, used 100928K [0x00000000ebf00000, 0x00000000ffe80000, 0x0000000100000000)
  eden space 100864K, 100% used [0x00000000ebf00000,0x00000000f2180000,0x00000000f2180000)
  from space 512K, 12% used [0x00000000ffd80000,0x00000000ffd90000,0x00000000ffe00000)
  to   space 512K, 0% used [0x00000000ffe00000,0x00000000ffe00000,0x00000000ffe80000)
 ParOldGen       total 40960K, used 6094K [0x00000000c3e00000, 0x00000000c6600000, 0x00000000ebf00000)
  object space 40960K, 14% used [0x00000000c3e00000,0x00000000c43f3a88,0x00000000c6600000)
 PSPermGen       total 22016K, used 10978K [0x00000000b9800000, 0x00000000bad80000, 0x00000000c3e00000)
  object space 22016K, 49% used [0x00000000b9800000,0x00000000ba2b8b58,0x00000000bad80000)
Event: 81468.637 GC heap after
Heap after GC invocations=267 (full 1):
 PSYoungGen      total 97280K, used 64K [0x00000000ebf00000, 0x00000000ffe80000, 0x0000000100000000)
  eden space 96768K, 0% used [0x00000000ebf00000,0x00000000ebf00000,0x00000000f1d80000)
  from space 512K, 12% used [0x00000000ffe00000,0x00000000ffe10000,0x00000000ffe80000)
  to   space 512K, 0% used [0x00000000ffd80000,0x00000000ffd80000,0x00000000ffe00000)
 ParOldGen       total 40960K, used 6094K [0x00000000c3e00000, 0x00000000c6600000, 0x00000000ebf00000)
  object space 40960K, 14% used [0x00000000c3e00000,0x00000000c43f3a88,0x00000000c6600000)
 PSPermGen       total 22016K, used 10978K [0x00000000b9800000, 0x00000000bad80000, 0x00000000c3e00000)
  object space 22016K, 49% used [0x00000000b9800000,0x00000000ba2b8b58,0x00000000bad80000)
}
Event: 83288.921 GC heap before
{Heap before GC invocations=268 (full 1):
 PSYoungGen      total 97280K, used 96832K [0x00000000ebf00000, 0x00000000ffe80000, 0x0000000100000000)
  eden space 96768K, 100% used [0x00000000ebf00000,0x00000000f1d80000,0x00000000f1d80000)
  from space 512K, 12% used [0x00000000ffe00000,0x00000000ffe10000,0x00000000ffe80000)
  to   space 512K, 0% used [0x00000000ffd80000,0x00000000ffd80000,0x00000000ffe00000)
 ParOldGen       total 40960K, used 6094K [0x00000000c3e00000, 0x00000000c6600000, 0x00000000ebf00000)
  object space 40960K, 14% used [0x00000000c3e00000,0x00000000c43f3a88,0x00000000c6600000)
 PSPermGen       total 22016K, used 10978K [0x00000000b9800000, 0x00000000bad80000, 0x00000000c3e00000)
  object space 22016K, 49% used [0x00000000b9800000,0x00000000ba2b8b58,0x00000000bad80000)
Event: 83288.922 GC heap after
Heap after GC invocations=268 (full 1):
 PSYoungGen      total 93184K, used 64K [0x00000000ebf00000, 0x00000000ffe80000, 0x0000000100000000)
  eden space 92672K, 0% used [0x00000000ebf00000,0x00000000ebf00000,0x00000000f1980000)
  from space 512K, 12% used [0x00000000ffd80000,0x00000000ffd90000,0x00000000ffe00000)
  to   space 512K, 0% used [0x00000000ffe00000,0x00000000ffe00000,0x00000000ffe80000)
 ParOldGen       total 40960K, used 6094K [0x00000000c3e00000, 0x00000000c6600000, 0x00000000ebf00000)
  object space 40960K, 14% used [0x00000000c3e00000,0x00000000c43f3a88,0x00000000c6600000)
 PSPermGen       total 22016K, used 10978K [0x00000000b9800000, 0x00000000bad80000, 0x00000000c3e00000)
  object space 22016K, 49% used [0x00000000b9800000,0x00000000ba2b8b58,0x00000000bad80000)
}
Event: 86019.556 GC heap before
{Heap before GC invocations=269 (full 1):
 PSYoungGen      total 93184K, used 92736K [0x00000000ebf00000, 0x00000000ffe80000, 0x0000000100000000)
  eden space 92672K, 100% used [0x00000000ebf00000,0x00000000f1980000,0x00000000f1980000)
  from space 512K, 12% used [0x00000000ffd80000,0x00000000ffd90000,0x00000000ffe00000)
  to   space 512K, 0% used [0x00000000ffe00000,0x00000000ffe00000,0x00000000ffe80000)
 ParOldGen       total 40960K, used 6094K [0x00000000c3e00000, 0x00000000c6600000, 0x00000000ebf00000)
  object space 40960K, 14% used [0x00000000c3e00000,0x00000000c43f3a88,0x00000000c6600000)
 PSPermGen       total 22016K, used 10978K [0x00000000b9800000, 0x00000000bad80000, 0x00000000c3e00000)
  object space 22016K, 49% used [0x00000000b9800000,0x00000000ba2b8b58,0x00000000bad80000)
Event: 86019.557 GC heap after
Heap after GC invocations=269 (full 1):
 PSYoungGen      total 89600K, used 64K [0x00000000ebf00000, 0x00000000ffe80000, 0x0000000100000000)
  eden space 89088K, 0% used [0x00000000ebf00000,0x00000000ebf00000,0x00000000f1600000)
  from space 512K, 12% used [0x00000000ffe00000,0x00000000ffe10000,0x00000000ffe80000)
  to   space 512K, 0% used [0x00000000ffd80000,0x00000000ffd80000,0x00000000ffe00000)
 ParOldGen       total 40960K, used 6094K [0x00000000c3e00000, 0x00000000c6600000, 0x00000000ebf00000)
  object space 40960K, 14% used [0x00000000c3e00000,0x00000000c43f3a88,0x00000000c6600000)
 PSPermGen       total 22016K, used 10978K [0x00000000b9800000, 0x00000000bad80000, 0x00000000c3e00000)
  object space 22016K, 49% used [0x00000000b9800000,0x00000000ba2b8b58,0x00000000bad80000)
}
Event: 87926.859 GC heap before
{Heap before GC invocations=270 (full 1):
 PSYoungGen      total 89600K, used 89152K [0x00000000ebf00000, 0x00000000ffe80000, 0x0000000100000000)
  eden space 89088K, 100% used [0x00000000ebf00000,0x00000000f1600000,0x00000000f1600000)
  from space 512K, 12% used [0x00000000ffe00000,0x00000000ffe10000,0x00000000ffe80000)
  to   space 512K, 0% used [0x00000000ffd80000,0x00000000ffd80000,0x00000000ffe00000)
 ParOldGen       total 40960K, used 6094K [0x00000000c3e00000, 0x00000000c6600000, 0x00000000ebf00000)
  object space 40960K, 14% used [0x00000000c3e00000,0x00000000c43f3a88,0x00000000c6600000)
 PSPermGen       total 22016K, used 10978K [0x00000000b9800000, 0x00000000bad80000, 0x00000000c3e00000)
  object space 22016K, 49% used [0x00000000b9800000,0x00000000ba2b8b58,0x00000000bad80000)
Event: 87926.862 GC heap after
Heap after GC invocations=270 (full 1):
 PSYoungGen      total 86016K, used 64K [0x00000000ebf00000, 0x00000000ffe80000, 0x0000000100000000)
  eden space 85504K, 0% used [0x00000000ebf00000,0x00000000ebf00000,0x00000000f1280000)
  from space 512K, 12% used [0x00000000ffd80000,0x00000000ffd90000,0x00000000ffe00000)
  to   space 512K, 0% used [0x00000000ffe00000,0x00000000ffe00000,0x00000000ffe80000)
 ParOldGen       total 40960K, used 6094K [0x00000000c3e00000, 0x00000000c6600000, 0x00000000ebf00000)
  object space 40960K, 14% used [0x00000000c3e00000,0x00000000c43f3a88,0x00000000c6600000)
 PSPermGen       total 22016K, used 10978K [0x00000000b9800000, 0x00000000bad80000, 0x00000000c3e00000)
  object space 22016K, 49% used [0x00000000b9800000,0x00000000ba2b8b58,0x00000000bad80000)
}

